Arguments: 
  C:\Program Files\nodejs\node.exe C:\Program Files (x86)\Yarn\bin\yarn.js add nodemone

PATH: 
  C:\Program Files\Git\mingw64\bin;C:\Program Files\Git\usr\bin;C:\Users\Usman Ghani\bin;C:\Python38\Scripts;C:\Python38;C:\Program Files\AdoptOpenJDK\jdk-11.0.3.7-hotspot\bin;C:\windows\system32;C:\windows;C:\windows\system32\wbem;C:\windows\system32\windowspowershell\v1.0;C:\windows\system32\openssh;C:\program files\dotnet;C:\program files (x86)\microsoft sql server\client sdk\odbc\130\tools\binn;C:\program files (x86)\microsoft sql server\140\tools\binn;C:\program files (x86)\microsoft sql server\140\dts\binn;C:\program files (x86)\microsoft sql server\140\tools\binn\managementstudio;C:\program files\microsoft sql server\client sdk\odbc\130\tools\binn;C:\program files\microsoft sql server\140\tools\binn;C:\program files\microsoft sql server\140\dts\binn;C:\program files\git\cmd;C:\Program Files\Microsoft SQL Server\Client SDK\ODBC\170\Tools\Binn;C:\Program Files (x86)\Yarn\bin;G:\jdk;C:\ProgramData\chocolatey\bin;C:\openssl\bin;C:\Program Files\Git\cmd;C:\WINDOWS\system32;C:\WINDOWS;C:\WINDOWS\System32\Wbem;C:\WINDOWS\System32\WindowsPowerShell\v1.0;C:\WINDOWS\System32\OpenSSH;C:\Users\Usman Ghani\AppData\Roaming\nvm;C:\Program Files\nodejs;C:\Program Files\Amazon\AWSCLIV2;C:\Program Files\Amazon\AWSSAMCLI\bin;C:\Program Files\Docker\Docker\resources\bin;C:\ProgramData\DockerDesktop\version-bin;C:\Users\Usman Ghani\AppData\Local\Programs\Python\Python311\Scripts;C:\Users\Usman Ghani\AppData\Local\Programs\Python\Python311;C:\Users\Usman Ghani\AppData\Local\Programs\Microsoft VS Code\bin;C:\Users\Usman Ghani\AppData\Local\watchman;C:\Users\Usman Ghani\AppData\Local\Microsoft\WindowsApps;C:\Users\USMANG~1\AppData\Roaming\npm;C:\Users\Usman Ghani\platform-tools;C:\Users\Android\Sdk;C:\Program Files\heroku\bin;C:\MinGW\bin;C:\Users\USMANG~1\AppData\Roaming\npm

Yarn version: 
  1.22.4

Node version: 
  16.13.2

Platform: 
  win32 x64

Trace: 
  Error: https://registry.yarnpkg.com/nodemone: Not found
      at Request.params.callback [as _callback] (C:\Program Files (x86)\Yarn\lib\cli.js:66096:18)
      at Request.self.callback (C:\Program Files (x86)\Yarn\lib\cli.js:140748:22)
      at Request.emit (node:events:390:28)
      at Request.<anonymous> (C:\Program Files (x86)\Yarn\lib\cli.js:141720:10)
      at Request.emit (node:events:390:28)
      at IncomingMessage.<anonymous> (C:\Program Files (x86)\Yarn\lib\cli.js:141642:12)
      at Object.onceWrapper (node:events:509:28)
      at IncomingMessage.emit (node:events:402:35)
      at endReadableNT (node:internal/streams/readable:1343:12)
      at processTicksAndRejections (node:internal/process/task_queues:83:21)

npm manifest: 
  {
    "name": "DSAlgo",
    "version": "1.0.0",
    "main": "index.js",
    "license": "MIT"
  }

yarn manifest: 
  No manifest

Lockfile: 
  No lockfile
